Initialized native services in: /Users/arishp/.gradle/native
Initialized jansi services in: /Users/arishp/.gradle/native
Found daemon DaemonInfo{pid=25128, address=[4c232838-446e-44f3-bad2-95eec908ddb3 port:52044, addresses:[/127.0.0.1]], state=Idle, lastBusy=1763670213719, context=DefaultDaemonContext[uid=60604744-bbd3-4816-a7e1-fcd7d9496430,javaHome=/Library/Java/JavaVirtualMachines/zulu-17.jdk/Contents/Home,javaVersion=17,javaVendor=Azul Systems, Inc.,daemonRegistryDir=/Users/arishp/.gradle/daemon,pid=25128,idleTimeout=10800000,priority=NORMAL,applyInstrumentationAgent=true,nativeServicesMode=ENABLED,daemonOpts=-XX:MaxMetaspaceSize=512m,-Xmx2048m,-Dfile.encoding=UTF-8,-Duser.country=IN,-Duser.language=en,-Duser.variant]} however its context does not match the desired criteria.
JVM is incompatible.
Wanted: DaemonRequestContext{jvmCriteria=/Library/Java/JavaVirtualMachines/jdk-24.jdk/Contents/Home (no JDK specified, using current Java home), daemonOpts=[-XX:MaxMetaspaceSize=512m, -Xmx2048m, -Dfile.encoding=UTF-8, -Duser.country=IN, -Duser.language=en, -Duser.variant], applyInstrumentationAgent=true, nativeServicesMode=ENABLED, priority=NORMAL}
Actual: DefaultDaemonContext[uid=60604744-bbd3-4816-a7e1-fcd7d9496430,javaHome=/Library/Java/JavaVirtualMachines/zulu-17.jdk/Contents/Home,javaVersion=17,javaVendor=Azul Systems, Inc.,daemonRegistryDir=/Users/arishp/.gradle/daemon,pid=25128,idleTimeout=10800000,priority=NORMAL,applyInstrumentationAgent=true,nativeServicesMode=ENABLED,daemonOpts=-XX:MaxMetaspaceSize=512m,-Xmx2048m,-Dfile.encoding=UTF-8,-Duser.country=IN,-Duser.language=en,-Duser.variant]

  Looking for a different daemon...
Found daemon DaemonInfo{pid=25748, address=[94932fa5-30b4-4e4c-a4db-e2274293e618 port:52413, addresses:[/127.0.0.1]], state=Idle, lastBusy=1763670051450, context=DefaultDaemonContext[uid=d8074f5f-2e88-40f8-b2b6-85ed472a3de5,javaHome=/Applications/Android Studio.app/Contents/jbr/Contents/Home,javaVersion=21,javaVendor=JetBrains s.r.o.,daemonRegistryDir=/Users/arishp/.gradle/daemon,pid=25748,idleTimeout=10800000,priority=NORMAL,applyInstrumentationAgent=true,nativeServicesMode=ENABLED,daemonOpts=-XX:MaxMetaspaceSize=512m,-Xmx2048m,-Dfile.encoding=UTF-8,-Duser.country=IN,-Duser.language=en,-Duser.variant]} however its context does not match the desired criteria.
JVM is incompatible.
Wanted: DaemonRequestContext{jvmCriteria=/Library/Java/JavaVirtualMachines/jdk-24.jdk/Contents/Home (no JDK specified, using current Java home), daemonOpts=[-XX:MaxMetaspaceSize=512m, -Xmx2048m, -Dfile.encoding=UTF-8, -Duser.country=IN, -Duser.language=en, -Duser.variant], applyInstrumentationAgent=true, nativeServicesMode=ENABLED, priority=NORMAL}
Actual: DefaultDaemonContext[uid=d8074f5f-2e88-40f8-b2b6-85ed472a3de5,javaHome=/Applications/Android Studio.app/Contents/jbr/Contents/Home,javaVersion=21,javaVendor=JetBrains s.r.o.,daemonRegistryDir=/Users/arishp/.gradle/daemon,pid=25748,idleTimeout=10800000,priority=NORMAL,applyInstrumentationAgent=true,nativeServicesMode=ENABLED,daemonOpts=-XX:MaxMetaspaceSize=512m,-Xmx2048m,-Dfile.encoding=UTF-8,-Duser.country=IN,-Duser.language=en,-Duser.variant]

  Looking for a different daemon...
The client will now receive all logging from the daemon (pid: 12133). The daemon log file: /Users/arishp/.gradle/daemon/9.0.0/daemon-12133.out.log
Starting 8th build in daemon [uptime: 1 hrs 10 mins 59.698 secs, performance: 99%, GC rate: 0.00/s, heap usage: 1% of 2 GiB, non-heap usage: 43% of 512 MiB]
Using 10 worker leases.
Now considering [/Users/arishp/Documents/Clones/EventsReminder/android, /Users/arishp/Documents/Clones/EventsReminder/node_modules/@react-native/gradle-plugin] as hierarchies to watch
Watching the file system is configured to be enabled if available
File system watching is active
Starting Build
Now considering [/Users/arishp/Documents/Clones/EventsReminder/node_modules/@react-native/gradle-plugin, /Users/arishp/Documents/Clones/EventsReminder/android] as hierarchies to watch
Resolved plugin [id: 'org.gradle.toolchains.foojay-resolver-convention', version: '0.5.0']

> Configure project :gradle-plugin
Evaluating project ':gradle-plugin' using build file '/Users/arishp/Documents/Clones/EventsReminder/node_modules/@react-native/gradle-plugin/build.gradle.kts'.
Resolved plugin [id: 'org.jetbrains.kotlin.jvm', version: '2.1.20', apply: false]
Resolved plugin [id: 'com.ncorti.ktfmt.gradle', version: '0.22.0']

> Configure project :gradle-plugin:react-native-gradle-plugin
Evaluating project ':gradle-plugin:react-native-gradle-plugin' using build file '/Users/arishp/Documents/Clones/EventsReminder/node_modules/@react-native/gradle-plugin/react-native-gradle-plugin/build.gradle.kts'.
Resolved plugin [id: 'org.jetbrains.kotlin.jvm', version: '2.1.20']
Resolved plugin [id: 'com.ncorti.ktfmt.gradle', version: '0.22.0']
Resolved plugin [id: 'java-gradle-plugin']
Build be494eed-b2a5-4c48-bd77-14f90321eef5 is started
Using Kotlin Gradle Plugin gradle85 variant
kotlin scripting plugin: created the scripting discovery configuration: kotlinScriptDef
kotlin scripting plugin: created the scripting discovery configuration: testKotlinScriptDef

> Configure project :gradle-plugin:settings-plugin
Evaluating project ':gradle-plugin:settings-plugin' using build file '/Users/arishp/Documents/Clones/EventsReminder/node_modules/@react-native/gradle-plugin/settings-plugin/build.gradle.kts'.
Resolved plugin [id: 'org.jetbrains.kotlin.jvm', version: '2.1.20']
Resolved plugin [id: 'com.ncorti.ktfmt.gradle', version: '0.22.0']
Resolved plugin [id: 'java-gradle-plugin']
Using Kotlin Gradle Plugin gradle85 variant
kotlin scripting plugin: created the scripting discovery configuration: kotlinScriptDef
kotlin scripting plugin: created the scripting discovery configuration: testKotlinScriptDef

> Configure project :gradle-plugin:shared
Evaluating project ':gradle-plugin:shared' using build file '/Users/arishp/Documents/Clones/EventsReminder/node_modules/@react-native/gradle-plugin/shared/build.gradle.kts'.
Resolved plugin [id: 'org.jetbrains.kotlin.jvm', version: '2.1.20']
Resolved plugin [id: 'com.ncorti.ktfmt.gradle', version: '0.22.0']
Using Kotlin Gradle Plugin gradle85 variant
kotlin scripting plugin: created the scripting discovery configuration: kotlinScriptDef
kotlin scripting plugin: created the scripting discovery configuration: testKotlinScriptDef

> Configure project :gradle-plugin:shared-testutil
Evaluating project ':gradle-plugin:shared-testutil' using build file '/Users/arishp/Documents/Clones/EventsReminder/node_modules/@react-native/gradle-plugin/shared-testutil/build.gradle.kts'.
Resolved plugin [id: 'org.jetbrains.kotlin.jvm', version: '2.1.20']
Resolved plugin [id: 'com.ncorti.ktfmt.gradle', version: '0.22.0']
Using Kotlin Gradle Plugin gradle85 variant
kotlin scripting plugin: created the scripting discovery configuration: kotlinScriptDef
kotlin scripting plugin: created the scripting discovery configuration: testKotlinScriptDef
Resolved plugin [id: 'com.facebook.react.settings']
Starting process 'command '/usr/libexec/java_home''. Working directory: /Users/arishp/.gradle/daemon/9.0.0 Command: /usr/libexec/java_home -V
Successfully started process 'command '/usr/libexec/java_home''
Resolve mutations for :gradle-plugin:settings-plugin:checkKotlinGradlePluginConfigurationErrors (Thread[#759,Execution worker,5,main]) started.
:gradle-plugin:settings-plugin:checkKotlinGradlePluginConfigurationErrors (Thread[#759,Execution worker,5,main]) started.

> Task :gradle-plugin:settings-plugin:checkKotlinGradlePluginConfigurationErrors SKIPPED
Skipping task ':gradle-plugin:settings-plugin:checkKotlinGradlePluginConfigurationErrors' as task onlyIf 'errorDiagnostics are present' is false.
Resolve mutations for :gradle-plugin:shared:checkKotlinGradlePluginConfigurationErrors (Thread[#759,Execution worker,5,main]) started.
:gradle-plugin:shared:checkKotlinGradlePluginConfigurationErrors (Thread[#765,Execution worker Thread 7,5,main]) started.

> Task :gradle-plugin:shared:checkKotlinGradlePluginConfigurationErrors SKIPPED
Skipping task ':gradle-plugin:shared:checkKotlinGradlePluginConfigurationErrors' as task onlyIf 'errorDiagnostics are present' is false.
Resolve mutations for :gradle-plugin:shared:compileKotlin (Thread[#765,Execution worker Thread 7,5,main]) started.
:gradle-plugin:shared:compileKotlin (Thread[#765,Execution worker Thread 7,5,main]) started.

> Task :gradle-plugin:shared:compileKotlin UP-TO-DATE
Caching disabled for task ':gradle-plugin:shared:compileKotlin' because:
  Build cache is disabled
Skipping task ':gradle-plugin:shared:compileKotlin' as it is up-to-date.
Resolve mutations for :gradle-plugin:shared:compileJava (Thread[#765,Execution worker Thread 7,5,main]) started.
:gradle-plugin:shared:compileJava (Thread[#765,Execution worker Thread 7,5,main]) started.

> Task :gradle-plugin:shared:compileJava NO-SOURCE
Skipping task ':gradle-plugin:shared:compileJava' as it has no source files and no previous output files.
Resolve mutations for :gradle-plugin:shared:processResources (Thread[#765,Execution worker Thread 7,5,main]) started.
:gradle-plugin:shared:processResources (Thread[#765,Execution worker Thread 7,5,main]) started.

> Task :gradle-plugin:shared:processResources NO-SOURCE
Skipping task ':gradle-plugin:shared:processResources' as it has no source files and no previous output files.
Resolve mutations for :gradle-plugin:shared:classes (Thread[#765,Execution worker Thread 7,5,main]) started.
:gradle-plugin:shared:classes (Thread[#765,Execution worker Thread 7,5,main]) started.

> Task :gradle-plugin:shared:classes UP-TO-DATE
Skipping task ':gradle-plugin:shared:classes' as it has no actions.
Resolve mutations for :gradle-plugin:shared:jar (Thread[#765,Execution worker Thread 7,5,main]) started.
:gradle-plugin:shared:jar (Thread[#765,Execution worker Thread 7,5,main]) started.

> Task :gradle-plugin:shared:jar UP-TO-DATE
Caching disabled for task ':gradle-plugin:shared:jar' because:
  Build cache is disabled
  Not worth caching
Skipping task ':gradle-plugin:shared:jar' as it is up-to-date.
work action resolve shared.jar (project :gradle-plugin:shared) (Thread[#765,Execution worker Thread 7,5,main]) started.
Resolve mutations for :gradle-plugin:settings-plugin:compileKotlin (Thread[#765,Execution worker Thread 7,5,main]) started.
:gradle-plugin:settings-plugin:compileKotlin (Thread[#765,Execution worker Thread 7,5,main]) started.

> Task :gradle-plugin:settings-plugin:compileKotlin UP-TO-DATE
Caching disabled for task ':gradle-plugin:settings-plugin:compileKotlin' because:
  Build cache is disabled
Skipping task ':gradle-plugin:settings-plugin:compileKotlin' as it is up-to-date.
Resolve mutations for :gradle-plugin:settings-plugin:compileJava (Thread[#765,Execution worker Thread 7,5,main]) started.
:gradle-plugin:settings-plugin:compileJava (Thread[#765,Execution worker Thread 7,5,main]) started.

> Task :gradle-plugin:settings-plugin:compileJava NO-SOURCE
Skipping task ':gradle-plugin:settings-plugin:compileJava' as it has no source files and no previous output files.
Resolve mutations for :gradle-plugin:settings-plugin:pluginDescriptors (Thread[#765,Execution worker Thread 7,5,main]) started.
:gradle-plugin:settings-plugin:pluginDescriptors (Thread[#765,Execution worker Thread 7,5,main]) started.

> Task :gradle-plugin:settings-plugin:pluginDescriptors UP-TO-DATE
Caching disabled for task ':gradle-plugin:settings-plugin:pluginDescriptors' because:
  Build cache is disabled
  Not worth caching
Skipping task ':gradle-plugin:settings-plugin:pluginDescriptors' as it is up-to-date.
Resolve mutations for :gradle-plugin:settings-plugin:processResources (Thread[#765,Execution worker Thread 7,5,main]) started.
:gradle-plugin:settings-plugin:processResources (Thread[#765,Execution worker Thread 7,5,main]) started.

> Task :gradle-plugin:settings-plugin:processResources UP-TO-DATE
Caching disabled for task ':gradle-plugin:settings-plugin:processResources' because:
  Build cache is disabled
  Not worth caching
Skipping task ':gradle-plugin:settings-plugin:processResources' as it is up-to-date.
Resolve mutations for :gradle-plugin:settings-plugin:classes (Thread[#765,Execution worker Thread 7,5,main]) started.
:gradle-plugin:settings-plugin:classes (Thread[#765,Execution worker Thread 7,5,main]) started.

> Task :gradle-plugin:settings-plugin:classes UP-TO-DATE
Skipping task ':gradle-plugin:settings-plugin:classes' as it has no actions.
Resolve mutations for :gradle-plugin:settings-plugin:jar (Thread[#765,Execution worker Thread 7,5,main]) started.
:gradle-plugin:settings-plugin:jar (Thread[#765,Execution worker Thread 7,5,main]) started.

> Task :gradle-plugin:settings-plugin:jar UP-TO-DATE
Caching disabled for task ':gradle-plugin:settings-plugin:jar' because:
  Build cache is disabled
  Not worth caching
Skipping task ':gradle-plugin:settings-plugin:jar' as it is up-to-date.
Settings evaluated using settings file '/Users/arishp/Documents/Clones/EventsReminder/android/settings.gradle'.
Projects loaded. Root project using build file '/Users/arishp/Documents/Clones/EventsReminder/android/build.gradle'.
Included projects: [root project 'EventsReminder', project ':app', project ':react-native-safe-area-context']
Registering project ':gradle-plugin' in composite build. Will substitute for module ':gradle-plugin-root'.
Registering project ':gradle-plugin:react-native-gradle-plugin' in composite build. Will substitute for module 'com.facebook.react:react-native-gradle-plugin'.
Registering project ':gradle-plugin:settings-plugin' in composite build. Will substitute for module 'com.facebook.react:settings-plugin'.
Registering project ':gradle-plugin:shared' in composite build. Will substitute for module 'com.facebook.react:shared'.
Registering project ':gradle-plugin:shared-testutil' in composite build. Will substitute for module 'com.facebook.react:shared-testutil'.
Resolve mutations for :gradle-plugin:react-native-gradle-plugin:checkKotlinGradlePluginConfigurationErrors (Thread[#766,Execution worker Thread 8,5,main]) started.
:gradle-plugin:react-native-gradle-plugin:checkKotlinGradlePluginConfigurationErrors (Thread[#766,Execution worker Thread 8,5,main]) started.

> Task :gradle-plugin:react-native-gradle-plugin:checkKotlinGradlePluginConfigurationErrors SKIPPED
Skipping task ':gradle-plugin:react-native-gradle-plugin:checkKotlinGradlePluginConfigurationErrors' as task onlyIf 'errorDiagnostics are present' is false.
Resolve mutations for :gradle-plugin:react-native-gradle-plugin:compileKotlin (Thread[#766,Execution worker Thread 8,5,main]) started.
:gradle-plugin:react-native-gradle-plugin:compileKotlin (Thread[#766,Execution worker Thread 8,5,main]) started.

> Task :gradle-plugin:react-native-gradle-plugin:compileKotlin UP-TO-DATE
Caching disabled for task ':gradle-plugin:react-native-gradle-plugin:compileKotlin' because:
  Build cache is disabled
Skipping task ':gradle-plugin:react-native-gradle-plugin:compileKotlin' as it is up-to-date.
Resolve mutations for :gradle-plugin:react-native-gradle-plugin:compileJava (Thread[#766,Execution worker Thread 8,5,main]) started.
:gradle-plugin:react-native-gradle-plugin:compileJava (Thread[#766,Execution worker Thread 8,5,main]) started.

> Task :gradle-plugin:react-native-gradle-plugin:compileJava NO-SOURCE
Skipping task ':gradle-plugin:react-native-gradle-plugin:compileJava' as it has no source files and no previous output files.
Resolve mutations for :gradle-plugin:react-native-gradle-plugin:pluginDescriptors (Thread[#766,Execution worker Thread 8,5,main]) started.
:gradle-plugin:react-native-gradle-plugin:pluginDescriptors (Thread[#766,Execution worker Thread 8,5,main]) started.

> Task :gradle-plugin:react-native-gradle-plugin:pluginDescriptors UP-TO-DATE
Caching disabled for task ':gradle-plugin:react-native-gradle-plugin:pluginDescriptors' because:
  Build cache is disabled
  Not worth caching
Skipping task ':gradle-plugin:react-native-gradle-plugin:pluginDescriptors' as it is up-to-date.
Resolve mutations for :gradle-plugin:react-native-gradle-plugin:processResources (Thread[#766,Execution worker Thread 8,5,main]) started.
:gradle-plugin:react-native-gradle-plugin:processResources (Thread[#766,Execution worker Thread 8,5,main]) started.

> Task :gradle-plugin:react-native-gradle-plugin:processResources UP-TO-DATE
Caching disabled for task ':gradle-plugin:react-native-gradle-plugin:processResources' because:
  Build cache is disabled
  Not worth caching
Skipping task ':gradle-plugin:react-native-gradle-plugin:processResources' as it is up-to-date.
Resolve mutations for :gradle-plugin:react-native-gradle-plugin:classes (Thread[#766,Execution worker Thread 8,5,main]) started.
:gradle-plugin:react-native-gradle-plugin:classes (Thread[#766,Execution worker Thread 8,5,main]) started.

> Task :gradle-plugin:react-native-gradle-plugin:classes UP-TO-DATE
Skipping task ':gradle-plugin:react-native-gradle-plugin:classes' as it has no actions.
Resolve mutations for :gradle-plugin:react-native-gradle-plugin:jar (Thread[#766,Execution worker Thread 8,5,main]) started.
:gradle-plugin:react-native-gradle-plugin:jar (Thread[#766,Execution worker Thread 8,5,main]) started.

> Task :gradle-plugin:react-native-gradle-plugin:jar UP-TO-DATE
Caching disabled for task ':gradle-plugin:react-native-gradle-plugin:jar' because:
  Build cache is disabled
  Not worth caching
Skipping task ':gradle-plugin:react-native-gradle-plugin:jar' as it is up-to-date.

> Configure project :app
Evaluating project ':app' using build file '/Users/arishp/Documents/Clones/EventsReminder/android/app/build.gradle'.
Using default execution profile
Build 5b29a93c-c256-4d31-8252-049e2b97d435 is started
Using Kotlin Gradle Plugin gradle85 variant
C/C++: android.ndkVersion from module build.gradle is [27.1.12297006]
C/C++: android.ndkPath from module build.gradle is not set
C/C++: ndk.dir in local.properties is /Users/arishp/Library/Android/sdk/ndk/27.1.12297006
C/C++: Not considering ANDROID_NDK_HOME because support was removed after deprecation period.
C/C++: sdkFolder is /Users/arishp/Library/Android/sdk
C/C++: Checking whether deleting ndk.dir and setting android.ndkVersion to [27.1.12297006] would result in the same NDK
C/C++: ndk.dir delete check : android.ndkVersion from module build.gradle is [27.1.12297006]
C/C++: ndk.dir delete check : android.ndkPath from module build.gradle is not set
C/C++: ndk.dir delete check : ndk.dir in local.properties is not set
C/C++: ndk.dir delete check : Not considering ANDROID_NDK_HOME because support was removed after deprecation period.
C/C++: ndk.dir delete check : sdkFolder is /Users/arishp/Library/Android/sdk
C/C++: ndk.dir delete check : Deleting ndk.dir and setting android.ndkVersion to [27.1.12297006] would result in the same NDK.
WARNING: [CXX5106] NDK was located by using ndk.dir property. This method is deprecated and will be removed in a future release. Please delete ndk.dir from local.properties and set android.ndkVersion to [27.1.12297006] in all native modules in the project. https://developer.android.com/r/studio-ui/ndk-dir
[CXX5106] NDK was located by using ndk.dir property. This method is deprecated and will be removed in a future release. Please delete ndk.dir from local.properties and set android.ndkVersion to [27.1.12297006] in all native modules in the project. https://developer.android.com/r/studio-ui/ndk-dir
C/C++: android.ndkVersion from module build.gradle is [27.1.12297006]
C/C++: android.ndkPath from module build.gradle is not set
C/C++: ndk.dir in local.properties is /Users/arishp/Library/Android/sdk/ndk/27.1.12297006
C/C++: Not considering ANDROID_NDK_HOME because support was removed after deprecation period.
C/C++: sdkFolder is /Users/arishp/Library/Android/sdk
C/C++: Checking whether deleting ndk.dir and setting android.ndkVersion to [27.1.12297006] would result in the same NDK
C/C++: ndk.dir delete check : android.ndkVersion from module build.gradle is [27.1.12297006]
C/C++: ndk.dir delete check : android.ndkPath from module build.gradle is not set
C/C++: ndk.dir delete check : ndk.dir in local.properties is not set
C/C++: ndk.dir delete check : Not considering ANDROID_NDK_HOME because support was removed after deprecation period.
C/C++: ndk.dir delete check : sdkFolder is /Users/arishp/Library/Android/sdk
C/C++: ndk.dir delete check : Deleting ndk.dir and setting android.ndkVersion to [27.1.12297006] would result in the same NDK.
WARNING: [CXX5106] NDK was located by using ndk.dir property. This method is deprecated and will be removed in a future release. Please delete ndk.dir from local.properties and set android.ndkVersion to [27.1.12297006] in all native modules in the project. https://developer.android.com/r/studio-ui/ndk-dir
[CXX5106] NDK was located by using ndk.dir property. This method is deprecated and will be removed in a future release. Please delete ndk.dir from local.properties and set android.ndkVersion to [27.1.12297006] in all native modules in the project. https://developer.android.com/r/studio-ui/ndk-dir
C/C++: android.ndkVersion from module build.gradle is [27.1.12297006]
C/C++: android.ndkPath from module build.gradle is not set
C/C++: ndk.dir in local.properties is /Users/arishp/Library/Android/sdk/ndk/27.1.12297006
C/C++: Not considering ANDROID_NDK_HOME because support was removed after deprecation period.
C/C++: sdkFolder is /Users/arishp/Library/Android/sdk
C/C++: Checking whether deleting ndk.dir and setting android.ndkVersion to [27.1.12297006] would result in the same NDK
C/C++: ndk.dir delete check : android.ndkVersion from module build.gradle is [27.1.12297006]
C/C++: ndk.dir delete check : android.ndkPath from module build.gradle is not set
C/C++: ndk.dir delete check : ndk.dir in local.properties is not set
C/C++: ndk.dir delete check : Not considering ANDROID_NDK_HOME because support was removed after deprecation period.
C/C++: ndk.dir delete check : sdkFolder is /Users/arishp/Library/Android/sdk
C/C++: ndk.dir delete check : Deleting ndk.dir and setting android.ndkVersion to [27.1.12297006] would result in the same NDK.
WARNING: [CXX5106] NDK was located by using ndk.dir property. This method is deprecated and will be removed in a future release. Please delete ndk.dir from local.properties and set android.ndkVersion to [27.1.12297006] in all native modules in the project. https://developer.android.com/r/studio-ui/ndk-dir
[CXX5106] NDK was located by using ndk.dir property. This method is deprecated and will be removed in a future release. Please delete ndk.dir from local.properties and set android.ndkVersion to [27.1.12297006] in all native modules in the project. https://developer.android.com/r/studio-ui/ndk-dir
C/C++: android.ndkVersion from module build.gradle is [27.1.12297006]
C/C++: android.ndkPath from module build.gradle is not set
C/C++: ndk.dir in local.properties is /Users/arishp/Library/Android/sdk/ndk/27.1.12297006
C/C++: Not considering ANDROID_NDK_HOME because support was removed after deprecation period.
C/C++: sdkFolder is /Users/arishp/Library/Android/sdk
C/C++: Checking whether deleting ndk.dir and setting android.ndkVersion to [27.1.12297006] would result in the same NDK
C/C++: ndk.dir delete check : android.ndkVersion from module build.gradle is [27.1.12297006]
C/C++: ndk.dir delete check : android.ndkPath from module build.gradle is not set
C/C++: ndk.dir delete check : ndk.dir in local.properties is not set
C/C++: ndk.dir delete check : Not considering ANDROID_NDK_HOME because support was removed after deprecation period.
C/C++: ndk.dir delete check : sdkFolder is /Users/arishp/Library/Android/sdk
C/C++: ndk.dir delete check : Deleting ndk.dir and setting android.ndkVersion to [27.1.12297006] would result in the same NDK.
WARNING: [CXX5106] NDK was located by using ndk.dir property. This method is deprecated and will be removed in a future release. Please delete ndk.dir from local.properties and set android.ndkVersion to [27.1.12297006] in all native modules in the project. https://developer.android.com/r/studio-ui/ndk-dir
[CXX5106] NDK was located by using ndk.dir property. This method is deprecated and will be removed in a future release. Please delete ndk.dir from local.properties and set android.ndkVersion to [27.1.12297006] in all native modules in the project. https://developer.android.com/r/studio-ui/ndk-dir
C/C++: android.ndkVersion from module build.gradle is [27.1.12297006]
C/C++: android.ndkPath from module build.gradle is not set
C/C++: ndk.dir in local.properties is /Users/arishp/Library/Android/sdk/ndk/27.1.12297006
C/C++: Not considering ANDROID_NDK_HOME because support was removed after deprecation period.
C/C++: sdkFolder is /Users/arishp/Library/Android/sdk
C/C++: Checking whether deleting ndk.dir and setting android.ndkVersion to [27.1.12297006] would result in the same NDK
C/C++: ndk.dir delete check : android.ndkVersion from module build.gradle is [27.1.12297006]
C/C++: ndk.dir delete check : android.ndkPath from module build.gradle is not set
C/C++: ndk.dir delete check : ndk.dir in local.properties is not set
C/C++: ndk.dir delete check : Not considering ANDROID_NDK_HOME because support was removed after deprecation period.
C/C++: ndk.dir delete check : sdkFolder is /Users/arishp/Library/Android/sdk
C/C++: ndk.dir delete check : Deleting ndk.dir and setting android.ndkVersion to [27.1.12297006] would result in the same NDK.
WARNING: [CXX5106] NDK was located by using ndk.dir property. This method is deprecated and will be removed in a future release. Please delete ndk.dir from local.properties and set android.ndkVersion to [27.1.12297006] in all native modules in the project. https://developer.android.com/r/studio-ui/ndk-dir
[CXX5106] NDK was located by using ndk.dir property. This method is deprecated and will be removed in a future release. Please delete ndk.dir from local.properties and set android.ndkVersion to [27.1.12297006] in all native modules in the project. https://developer.android.com/r/studio-ui/ndk-dir
C/C++: android.ndkVersion from module build.gradle is [27.1.12297006]
C/C++: android.ndkPath from module build.gradle is not set
C/C++: ndk.dir in local.properties is /Users/arishp/Library/Android/sdk/ndk/27.1.12297006
C/C++: Not considering ANDROID_NDK_HOME because support was removed after deprecation period.
C/C++: sdkFolder is /Users/arishp/Library/Android/sdk
C/C++: Checking whether deleting ndk.dir and setting android.ndkVersion to [27.1.12297006] would result in the same NDK
C/C++: ndk.dir delete check : android.ndkVersion from module build.gradle is [27.1.12297006]
C/C++: ndk.dir delete check : android.ndkPath from module build.gradle is not set
C/C++: ndk.dir delete check : ndk.dir in local.properties is not set
C/C++: ndk.dir delete check : Not considering ANDROID_NDK_HOME because support was removed after deprecation period.
C/C++: ndk.dir delete check : sdkFolder is /Users/arishp/Library/Android/sdk
C/C++: ndk.dir delete check : Deleting ndk.dir and setting android.ndkVersion to [27.1.12297006] would result in the same NDK.
WARNING: [CXX5106] NDK was located by using ndk.dir property. This method is deprecated and will be removed in a future release. Please delete ndk.dir from local.properties and set android.ndkVersion to [27.1.12297006] in all native modules in the project. https://developer.android.com/r/studio-ui/ndk-dir
[CXX5106] NDK was located by using ndk.dir property. This method is deprecated and will be removed in a future release. Please delete ndk.dir from local.properties and set android.ndkVersion to [27.1.12297006] in all native modules in the project. https://developer.android.com/r/studio-ui/ndk-dir
C/C++: android.ndkVersion from module build.gradle is [27.1.12297006]
C/C++: android.ndkPath from module build.gradle is not set
C/C++: ndk.dir in local.properties is /Users/arishp/Library/Android/sdk/ndk/27.1.12297006
C/C++: Not considering ANDROID_NDK_HOME because support was removed after deprecation period.
C/C++: sdkFolder is /Users/arishp/Library/Android/sdk
C/C++: Checking whether deleting ndk.dir and setting android.ndkVersion to [27.1.12297006] would result in the same NDK
C/C++: ndk.dir delete check : android.ndkVersion from module build.gradle is [27.1.12297006]
C/C++: ndk.dir delete check : android.ndkPath from module build.gradle is not set
C/C++: ndk.dir delete check : ndk.dir in local.properties is not set
C/C++: ndk.dir delete check : Not considering ANDROID_NDK_HOME because support was removed after deprecation period.
C/C++: ndk.dir delete check : sdkFolder is /Users/arishp/Library/Android/sdk
C/C++: ndk.dir delete check : Deleting ndk.dir and setting android.ndkVersion to [27.1.12297006] would result in the same NDK.
WARNING: [CXX5106] NDK was located by using ndk.dir property. This method is deprecated and will be removed in a future release. Please delete ndk.dir from local.properties and set android.ndkVersion to [27.1.12297006] in all native modules in the project. https://developer.android.com/r/studio-ui/ndk-dir
[CXX5106] NDK was located by using ndk.dir property. This method is deprecated and will be removed in a future release. Please delete ndk.dir from local.properties and set android.ndkVersion to [27.1.12297006] in all native modules in the project. https://developer.android.com/r/studio-ui/ndk-dir
C/C++: android.ndkVersion from module build.gradle is [27.1.12297006]
C/C++: android.ndkPath from module build.gradle is not set
C/C++: ndk.dir in local.properties is /Users/arishp/Library/Android/sdk/ndk/27.1.12297006
C/C++: Not considering ANDROID_NDK_HOME because support was removed after deprecation period.
C/C++: sdkFolder is /Users/arishp/Library/Android/sdk
C/C++: Checking whether deleting ndk.dir and setting android.ndkVersion to [27.1.12297006] would result in the same NDK
C/C++: ndk.dir delete check : android.ndkVersion from module build.gradle is [27.1.12297006]
C/C++: ndk.dir delete check : android.ndkPath from module build.gradle is not set
C/C++: ndk.dir delete check : ndk.dir in local.properties is not set
C/C++: ndk.dir delete check : Not considering ANDROID_NDK_HOME because support was removed after deprecation period.
C/C++: ndk.dir delete check : sdkFolder is /Users/arishp/Library/Android/sdk
C/C++: ndk.dir delete check : Deleting ndk.dir and setting android.ndkVersion to [27.1.12297006] would result in the same NDK.
WARNING: [CXX5106] NDK was located by using ndk.dir property. This method is deprecated and will be removed in a future release. Please delete ndk.dir from local.properties and set android.ndkVersion to [27.1.12297006] in all native modules in the project. https://developer.android.com/r/studio-ui/ndk-dir
[CXX5106] NDK was located by using ndk.dir property. This method is deprecated and will be removed in a future release. Please delete ndk.dir from local.properties and set android.ndkVersion to [27.1.12297006] in all native modules in the project. https://developer.android.com/r/studio-ui/ndk-dir
C/C++: android.ndkVersion from module build.gradle is [27.1.12297006]
C/C++: android.ndkPath from module build.gradle is not set
C/C++: ndk.dir in local.properties is /Users/arishp/Library/Android/sdk/ndk/27.1.12297006
C/C++: Not considering ANDROID_NDK_HOME because support was removed after deprecation period.
C/C++: sdkFolder is /Users/arishp/Library/Android/sdk
C/C++: Checking whether deleting ndk.dir and setting android.ndkVersion to [27.1.12297006] would result in the same NDK
C/C++: ndk.dir delete check : android.ndkVersion from module build.gradle is [27.1.12297006]
C/C++: ndk.dir delete check : android.ndkPath from module build.gradle is not set
C/C++: ndk.dir delete check : ndk.dir in local.properties is not set
C/C++: ndk.dir delete check : Not considering ANDROID_NDK_HOME because support was removed after deprecation period.
C/C++: ndk.dir delete check : sdkFolder is /Users/arishp/Library/Android/sdk
C/C++: ndk.dir delete check : Deleting ndk.dir and setting android.ndkVersion to [27.1.12297006] would result in the same NDK.
WARNING: [CXX5106] NDK was located by using ndk.dir property. This method is deprecated and will be removed in a future release. Please delete ndk.dir from local.properties and set android.ndkVersion to [27.1.12297006] in all native modules in the project. https://developer.android.com/r/studio-ui/ndk-dir
[CXX5106] NDK was located by using ndk.dir property. This method is deprecated and will be removed in a future release. Please delete ndk.dir from local.properties and set android.ndkVersion to [27.1.12297006] in all native modules in the project. https://developer.android.com/r/studio-ui/ndk-dir
C/C++: android.ndkVersion from module build.gradle is [27.1.12297006]
C/C++: android.ndkPath from module build.gradle is not set
C/C++: ndk.dir in local.properties is /Users/arishp/Library/Android/sdk/ndk/27.1.12297006
C/C++: Not considering ANDROID_NDK_HOME because support was removed after deprecation period.
C/C++: sdkFolder is /Users/arishp/Library/Android/sdk
C/C++: Checking whether deleting ndk.dir and setting android.ndkVersion to [27.1.12297006] would result in the same NDK
C/C++: ndk.dir delete check : android.ndkVersion from module build.gradle is [27.1.12297006]
C/C++: ndk.dir delete check : android.ndkPath from module build.gradle is not set
C/C++: ndk.dir delete check : ndk.dir in local.properties is not set
C/C++: ndk.dir delete check : Not considering ANDROID_NDK_HOME because support was removed after deprecation period.
C/C++: ndk.dir delete check : sdkFolder is /Users/arishp/Library/Android/sdk
C/C++: ndk.dir delete check : Deleting ndk.dir and setting android.ndkVersion to [27.1.12297006] would result in the same NDK.
WARNING: [CXX5106] NDK was located by using ndk.dir property. This method is deprecated and will be removed in a future release. Please delete ndk.dir from local.properties and set android.ndkVersion to [27.1.12297006] in all native modules in the project. https://developer.android.com/r/studio-ui/ndk-dir
[CXX5106] NDK was located by using ndk.dir property. This method is deprecated and will be removed in a future release. Please delete ndk.dir from local.properties and set android.ndkVersion to [27.1.12297006] in all native modules in the project. https://developer.android.com/r/studio-ui/ndk-dir
C/C++: android.ndkVersion from module build.gradle is [27.1.12297006]
C/C++: android.ndkPath from module build.gradle is not set
C/C++: ndk.dir in local.properties is /Users/arishp/Library/Android/sdk/ndk/27.1.12297006
C/C++: Not considering ANDROID_NDK_HOME because support was removed after deprecation period.
C/C++: sdkFolder is /Users/arishp/Library/Android/sdk
C/C++: Checking whether deleting ndk.dir and setting android.ndkVersion to [27.1.12297006] would result in the same NDK
C/C++: ndk.dir delete check : android.ndkVersion from module build.gradle is [27.1.12297006]
C/C++: ndk.dir delete check : android.ndkPath from module build.gradle is not set
C/C++: ndk.dir delete check : ndk.dir in local.properties is not set
C/C++: ndk.dir delete check : Not considering ANDROID_NDK_HOME because support was removed after deprecation period.
C/C++: ndk.dir delete check : sdkFolder is /Users/arishp/Library/Android/sdk
C/C++: ndk.dir delete check : Deleting ndk.dir and setting android.ndkVersion to [27.1.12297006] would result in the same NDK.
WARNING: [CXX5106] NDK was located by using ndk.dir property. This method is deprecated and will be removed in a future release. Please delete ndk.dir from local.properties and set android.ndkVersion to [27.1.12297006] in all native modules in the project. https://developer.android.com/r/studio-ui/ndk-dir
[CXX5106] NDK was located by using ndk.dir property. This method is deprecated and will be removed in a future release. Please delete ndk.dir from local.properties and set android.ndkVersion to [27.1.12297006] in all native modules in the project. https://developer.android.com/r/studio-ui/ndk-dir
C/C++: android.ndkVersion from module build.gradle is [27.1.12297006]
C/C++: android.ndkPath from module build.gradle is not set
C/C++: ndk.dir in local.properties is /Users/arishp/Library/Android/sdk/ndk/27.1.12297006
C/C++: Not considering ANDROID_NDK_HOME because support was removed after deprecation period.
C/C++: sdkFolder is /Users/arishp/Library/Android/sdk
C/C++: Checking whether deleting ndk.dir and setting android.ndkVersion to [27.1.12297006] would result in the same NDK
C/C++: ndk.dir delete check : android.ndkVersion from module build.gradle is [27.1.12297006]
C/C++: ndk.dir delete check : android.ndkPath from module build.gradle is not set
C/C++: ndk.dir delete check : ndk.dir in local.properties is not set
C/C++: ndk.dir delete check : Not considering ANDROID_NDK_HOME because support was removed after deprecation period.
C/C++: ndk.dir delete check : sdkFolder is /Users/arishp/Library/Android/sdk
C/C++: ndk.dir delete check : Deleting ndk.dir and setting android.ndkVersion to [27.1.12297006] would result in the same NDK.
WARNING: [CXX5106] NDK was located by using ndk.dir property. This method is deprecated and will be removed in a future release. Please delete ndk.dir from local.properties and set android.ndkVersion to [27.1.12297006] in all native modules in the project. https://developer.android.com/r/studio-ui/ndk-dir
[CXX5106] NDK was located by using ndk.dir property. This method is deprecated and will be removed in a future release. Please delete ndk.dir from local.properties and set android.ndkVersion to [27.1.12297006] in all native modules in the project. https://developer.android.com/r/studio-ui/ndk-dir
C/C++: android.ndkVersion from module build.gradle is [27.1.12297006]
C/C++: android.ndkPath from module build.gradle is not set
C/C++: ndk.dir in local.properties is /Users/arishp/Library/Android/sdk/ndk/27.1.12297006
C/C++: Not considering ANDROID_NDK_HOME because support was removed after deprecation period.
C/C++: sdkFolder is /Users/arishp/Library/Android/sdk
C/C++: Checking whether deleting ndk.dir and setting android.ndkVersion to [27.1.12297006] would result in the same NDK
C/C++: ndk.dir delete check : android.ndkVersion from module build.gradle is [27.1.12297006]
C/C++: ndk.dir delete check : android.ndkPath from module build.gradle is not set
C/C++: ndk.dir delete check : ndk.dir in local.properties is not set
C/C++: ndk.dir delete check : Not considering ANDROID_NDK_HOME because support was removed after deprecation period.
C/C++: ndk.dir delete check : sdkFolder is /Users/arishp/Library/Android/sdk
C/C++: ndk.dir delete check : Deleting ndk.dir and setting android.ndkVersion to [27.1.12297006] would result in the same NDK.
WARNING: [CXX5106] NDK was located by using ndk.dir property. This method is deprecated and will be removed in a future release. Please delete ndk.dir from local.properties and set android.ndkVersion to [27.1.12297006] in all native modules in the project. https://developer.android.com/r/studio-ui/ndk-dir
[CXX5106] NDK was located by using ndk.dir property. This method is deprecated and will be removed in a future release. Please delete ndk.dir from local.properties and set android.ndkVersion to [27.1.12297006] in all native modules in the project. https://developer.android.com/r/studio-ui/ndk-dir
C/C++: android.ndkVersion from module build.gradle is [27.1.12297006]
C/C++: android.ndkPath from module build.gradle is not set
C/C++: ndk.dir in local.properties is /Users/arishp/Library/Android/sdk/ndk/27.1.12297006
C/C++: Not considering ANDROID_NDK_HOME because support was removed after deprecation period.
C/C++: sdkFolder is /Users/arishp/Library/Android/sdk
C/C++: Checking whether deleting ndk.dir and setting android.ndkVersion to [27.1.12297006] would result in the same NDK
C/C++: ndk.dir delete check : android.ndkVersion from module build.gradle is [27.1.12297006]
C/C++: ndk.dir delete check : android.ndkPath from module build.gradle is not set
C/C++: ndk.dir delete check : ndk.dir in local.properties is not set
C/C++: ndk.dir delete check : Not considering ANDROID_NDK_HOME because support was removed after deprecation period.
C/C++: ndk.dir delete check : sdkFolder is /Users/arishp/Library/Android/sdk
C/C++: ndk.dir delete check : Deleting ndk.dir and setting android.ndkVersion to [27.1.12297006] would result in the same NDK.
WARNING: [CXX5106] NDK was located by using ndk.dir property. This method is deprecated and will be removed in a future release. Please delete ndk.dir from local.properties and set android.ndkVersion to [27.1.12297006] in all native modules in the project. https://developer.android.com/r/studio-ui/ndk-dir
[CXX5106] NDK was located by using ndk.dir property. This method is deprecated and will be removed in a future release. Please delete ndk.dir from local.properties and set android.ndkVersion to [27.1.12297006] in all native modules in the project. https://developer.android.com/r/studio-ui/ndk-dir
C/C++: android.ndkVersion from module build.gradle is [27.1.12297006]
C/C++: android.ndkPath from module build.gradle is not set
C/C++: ndk.dir in local.properties is /Users/arishp/Library/Android/sdk/ndk/27.1.12297006
C/C++: Not considering ANDROID_NDK_HOME because support was removed after deprecation period.
C/C++: sdkFolder is /Users/arishp/Library/Android/sdk
C/C++: Checking whether deleting ndk.dir and setting android.ndkVersion to [27.1.12297006] would result in the same NDK
C/C++: ndk.dir delete check : android.ndkVersion from module build.gradle is [27.1.12297006]
C/C++: ndk.dir delete check : android.ndkPath from module build.gradle is not set
C/C++: ndk.dir delete check : ndk.dir in local.properties is not set
C/C++: ndk.dir delete check : Not considering ANDROID_NDK_HOME because support was removed after deprecation period.
C/C++: ndk.dir delete check : sdkFolder is /Users/arishp/Library/Android/sdk
C/C++: ndk.dir delete check : Deleting ndk.dir and setting android.ndkVersion to [27.1.12297006] would result in the same NDK.
WARNING: [CXX5106] NDK was located by using ndk.dir property. This method is deprecated and will be removed in a future release. Please delete ndk.dir from local.properties and set android.ndkVersion to [27.1.12297006] in all native modules in the project. https://developer.android.com/r/studio-ui/ndk-dir
[CXX5106] NDK was located by using ndk.dir property. This method is deprecated and will be removed in a future release. Please delete ndk.dir from local.properties and set android.ndkVersion to [27.1.12297006] in all native modules in the project. https://developer.android.com/r/studio-ui/ndk-dir
C/C++: android.ndkVersion from module build.gradle is [27.1.12297006]
C/C++: android.ndkPath from module build.gradle is not set
C/C++: ndk.dir in local.properties is /Users/arishp/Library/Android/sdk/ndk/27.1.12297006
C/C++: Not considering ANDROID_NDK_HOME because support was removed after deprecation period.
C/C++: sdkFolder is /Users/arishp/Library/Android/sdk
C/C++: Checking whether deleting ndk.dir and setting android.ndkVersion to [27.1.12297006] would result in the same NDK
C/C++: ndk.dir delete check : android.ndkVersion from module build.gradle is [27.1.12297006]
C/C++: ndk.dir delete check : android.ndkPath from module build.gradle is not set
C/C++: ndk.dir delete check : ndk.dir in local.properties is not set
C/C++: ndk.dir delete check : Not considering ANDROID_NDK_HOME because support was removed after deprecation period.
C/C++: ndk.dir delete check : sdkFolder is /Users/arishp/Library/Android/sdk
C/C++: ndk.dir delete check : Deleting ndk.dir and setting android.ndkVersion to [27.1.12297006] would result in the same NDK.
WARNING: [CXX5106] NDK was located by using ndk.dir property. This method is deprecated and will be removed in a future release. Please delete ndk.dir from local.properties and set android.ndkVersion to [27.1.12297006] in all native modules in the project. https://developer.android.com/r/studio-ui/ndk-dir
[CXX5106] NDK was located by using ndk.dir property. This method is deprecated and will be removed in a future release. Please delete ndk.dir from local.properties and set android.ndkVersion to [27.1.12297006] in all native modules in the project. https://developer.android.com/r/studio-ui/ndk-dir
C/C++: android.ndkVersion from module build.gradle is [27.1.12297006]
C/C++: android.ndkPath from module build.gradle is not set
C/C++: ndk.dir in local.properties is /Users/arishp/Library/Android/sdk/ndk/27.1.12297006
C/C++: Not considering ANDROID_NDK_HOME because support was removed after deprecation period.
C/C++: sdkFolder is /Users/arishp/Library/Android/sdk
C/C++: Checking whether deleting ndk.dir and setting android.ndkVersion to [27.1.12297006] would result in the same NDK
C/C++: ndk.dir delete check : android.ndkVersion from module build.gradle is [27.1.12297006]
C/C++: ndk.dir delete check : android.ndkPath from module build.gradle is not set
C/C++: ndk.dir delete check : ndk.dir in local.properties is not set
C/C++: ndk.dir delete check : Not considering ANDROID_NDK_HOME because support was removed after deprecation period.
C/C++: ndk.dir delete check : sdkFolder is /Users/arishp/Library/Android/sdk
C/C++: ndk.dir delete check : Deleting ndk.dir and setting android.ndkVersion to [27.1.12297006] would result in the same NDK.
WARNING: [CXX5106] NDK was located by using ndk.dir property. This method is deprecated and will be removed in a future release. Please delete ndk.dir from local.properties and set android.ndkVersion to [27.1.12297006] in all native modules in the project. https://developer.android.com/r/studio-ui/ndk-dir
[CXX5106] NDK was located by using ndk.dir property. This method is deprecated and will be removed in a future release. Please delete ndk.dir from local.properties and set android.ndkVersion to [27.1.12297006] in all native modules in the project. https://developer.android.com/r/studio-ui/ndk-dir
C/C++: android.ndkVersion from module build.gradle is [27.1.12297006]
C/C++: android.ndkPath from module build.gradle is not set
C/C++: ndk.dir in local.properties is /Users/arishp/Library/Android/sdk/ndk/27.1.12297006
C/C++: Not considering ANDROID_NDK_HOME because support was removed after deprecation period.
C/C++: sdkFolder is /Users/arishp/Library/Android/sdk
C/C++: Checking whether deleting ndk.dir and setting android.ndkVersion to [27.1.12297006] would result in the same NDK
C/C++: ndk.dir delete check : android.ndkVersion from module build.gradle is [27.1.12297006]
C/C++: ndk.dir delete check : android.ndkPath from module build.gradle is not set
C/C++: ndk.dir delete check : ndk.dir in local.properties is not set
C/C++: ndk.dir delete check : Not considering ANDROID_NDK_HOME because support was removed after deprecation period.
C/C++: ndk.dir delete check : sdkFolder is /Users/arishp/Library/Android/sdk
C/C++: ndk.dir delete check : Deleting ndk.dir and setting android.ndkVersion to [27.1.12297006] would result in the same NDK.
WARNING: [CXX5106] NDK was located by using ndk.dir property. This method is deprecated and will be removed in a future release. Please delete ndk.dir from local.properties and set android.ndkVersion to [27.1.12297006] in all native modules in the project. https://developer.android.com/r/studio-ui/ndk-dir
[CXX5106] NDK was located by using ndk.dir property. This method is deprecated and will be removed in a future release. Please delete ndk.dir from local.properties and set android.ndkVersion to [27.1.12297006] in all native modules in the project. https://developer.android.com/r/studio-ui/ndk-dir
C/C++: android.ndkVersion from module build.gradle is [27.1.12297006]
C/C++: android.ndkPath from module build.gradle is not set
C/C++: ndk.dir in local.properties is /Users/arishp/Library/Android/sdk/ndk/27.1.12297006
C/C++: Not considering ANDROID_NDK_HOME because support was removed after deprecation period.
C/C++: sdkFolder is /Users/arishp/Library/Android/sdk
C/C++: Checking whether deleting ndk.dir and setting android.ndkVersion to [27.1.12297006] would result in the same NDK
C/C++: ndk.dir delete check : android.ndkVersion from module build.gradle is [27.1.12297006]
C/C++: ndk.dir delete check : android.ndkPath from module build.gradle is not set
C/C++: ndk.dir delete check : ndk.dir in local.properties is not set
C/C++: ndk.dir delete check : Not considering ANDROID_NDK_HOME because support was removed after deprecation period.
C/C++: ndk.dir delete check : sdkFolder is /Users/arishp/Library/Android/sdk
C/C++: ndk.dir delete check : Deleting ndk.dir and setting android.ndkVersion to [27.1.12297006] would result in the same NDK.
WARNING: [CXX5106] NDK was located by using ndk.dir property. This method is deprecated and will be removed in a future release. Please delete ndk.dir from local.properties and set android.ndkVersion to [27.1.12297006] in all native modules in the project. https://developer.android.com/r/studio-ui/ndk-dir
[CXX5106] NDK was located by using ndk.dir property. This method is deprecated and will be removed in a future release. Please delete ndk.dir from local.properties and set android.ndkVersion to [27.1.12297006] in all native modules in the project. https://developer.android.com/r/studio-ui/ndk-dir

> Configure project :
Evaluating root project 'EventsReminder' using build file '/Users/arishp/Documents/Clones/EventsReminder/android/build.gradle'.
Found project 'project :gradle-plugin:react-native-gradle-plugin' as substitute for module 'com.facebook.react:react-native-gradle-plugin'.
Ignoring listeners of task graph ready event, as this build (:gradle-plugin) has already executed work.

> Configure project :react-native-safe-area-context
Evaluating project ':react-native-safe-area-context' using build file '/Users/arishp/Documents/Clones/EventsReminder/node_modules/react-native-safe-area-context/android/build.gradle'.
Using default execution profile
Using Kotlin Gradle Plugin gradle85 variant
All projects evaluated.
Task path 'app:configureCMakeDebug' matched project ':app'
Task name matched 'configureCMakeDebug'
Selected primary task 'configureCMakeDebug' from project :app
Tasks to be executed: [task ':app:generateAutolinkingNewArchitectureFiles', task ':app:generateAutolinkingPackageList', task ':app:generateCodegenSchemaFromJavaScript', task ':app:generateCodegenArtifactsFromSchema', task ':app:generateReactNativeEntryPoint', task ':react-native-safe-area-context:generateCodegenSchemaFromJavaScript', task ':react-native-safe-area-context:generateCodegenArtifactsFromSchema', task ':react-native-safe-area-context:preBuild', task ':app:preBuild', task ':app:preDebugBuild', task ':app:configureCMakeDebug[arm64-v8a]', task ':app:configureCMakeDebug[armeabi-v7a]', task ':app:configureCMakeDebug[x86]', task ':app:configureCMakeDebug[x86_64]', task ':app:configureCMakeDebug']
Tasks that were excluded: []
Resolve mutations for :app:generateAutolinkingNewArchitectureFiles (Thread[#761,Execution worker Thread 3,5,main]) started.
:app:generateAutolinkingNewArchitectureFiles (Thread[#761,Execution worker Thread 3,5,main]) started.

> Task :app:generateAutolinkingNewArchitectureFiles UP-TO-DATE
Caching disabled for task ':app:generateAutolinkingNewArchitectureFiles' because:
  Build cache is disabled
  Caching has not been enabled for the task
Skipping task ':app:generateAutolinkingNewArchitectureFiles' as it is up-to-date.
Resolve mutations for :app:generateAutolinkingPackageList (Thread[#761,Execution worker Thread 3,5,main]) started.
:app:generateAutolinkingPackageList (Thread[#761,Execution worker Thread 3,5,main]) started.

> Task :app:generateAutolinkingPackageList UP-TO-DATE
Caching disabled for task ':app:generateAutolinkingPackageList' because:
  Build cache is disabled
  Caching has not been enabled for the task
Skipping task ':app:generateAutolinkingPackageList' as it is up-to-date.
Resolve mutations for :app:generateCodegenSchemaFromJavaScript (Thread[#761,Execution worker Thread 3,5,main]) started.
:app:generateCodegenSchemaFromJavaScript (Thread[#761,Execution worker Thread 3,5,main]) started.

> Task :app:generateCodegenSchemaFromJavaScript SKIPPED
Skipping task ':app:generateCodegenSchemaFromJavaScript' as task onlyIf 'Task satisfies onlyIf spec' is false.
Resolve mutations for :app:generateCodegenArtifactsFromSchema (Thread[#761,Execution worker Thread 3,5,main]) started.
:app:generateCodegenArtifactsFromSchema (Thread[#761,Execution worker Thread 3,5,main]) started.

> Task :app:generateCodegenArtifactsFromSchema SKIPPED
Skipping task ':app:generateCodegenArtifactsFromSchema' as task onlyIf 'Task satisfies onlyIf spec' is false.
Resolve mutations for :app:generateReactNativeEntryPoint (Thread[#761,Execution worker Thread 3,5,main]) started.
:app:generateReactNativeEntryPoint (Thread[#761,Execution worker Thread 3,5,main]) started.

> Task :app:generateReactNativeEntryPoint UP-TO-DATE
Caching disabled for task ':app:generateReactNativeEntryPoint' because:
  Build cache is disabled
  Caching has not been enabled for the task
Skipping task ':app:generateReactNativeEntryPoint' as it is up-to-date.
Resolve mutations for :react-native-safe-area-context:generateCodegenSchemaFromJavaScript (Thread[#761,Execution worker Thread 3,5,main]) started.
:react-native-safe-area-context:generateCodegenSchemaFromJavaScript (Thread[#761,Execution worker Thread 3,5,main]) started.

> Task :react-native-safe-area-context:generateCodegenSchemaFromJavaScript UP-TO-DATE
Caching disabled for task ':react-native-safe-area-context:generateCodegenSchemaFromJavaScript' because:
  Build cache is disabled
  Caching has not been enabled for the task
Skipping task ':react-native-safe-area-context:generateCodegenSchemaFromJavaScript' as it is up-to-date.
Resolve mutations for :react-native-safe-area-context:generateCodegenArtifactsFromSchema (Thread[#761,Execution worker Thread 3,5,main]) started.
:react-native-safe-area-context:generateCodegenArtifactsFromSchema (Thread[#761,Execution worker Thread 3,5,main]) started.

> Task :react-native-safe-area-context:generateCodegenArtifactsFromSchema UP-TO-DATE
Caching disabled for task ':react-native-safe-area-context:generateCodegenArtifactsFromSchema' because:
  Build cache is disabled
  Caching has not been enabled for the task
Skipping task ':react-native-safe-area-context:generateCodegenArtifactsFromSchema' as it is up-to-date.
Resolve mutations for :react-native-safe-area-context:preBuild (Thread[#761,Execution worker Thread 3,5,main]) started.
:react-native-safe-area-context:preBuild (Thread[#761,Execution worker Thread 3,5,main]) started.

> Task :react-native-safe-area-context:preBuild UP-TO-DATE
Skipping task ':react-native-safe-area-context:preBuild' as it has no actions.
Resolve mutations for :app:preBuild (Thread[#761,Execution worker Thread 3,5,main]) started.
:app:preBuild (Thread[#761,Execution worker Thread 3,5,main]) started.

> Task :app:preBuild UP-TO-DATE
Skipping task ':app:preBuild' as it has no actions.
Resolve mutations for :app:preDebugBuild (Thread[#761,Execution worker Thread 3,5,main]) started.
:app:preDebugBuild (Thread[#761,Execution worker Thread 3,5,main]) started.

> Task :app:preDebugBuild UP-TO-DATE
Skipping task ':app:preDebugBuild' as it has no actions.
Resolve mutations for :app:configureCMakeDebug[arm64-v8a] (Thread[#761,Execution worker Thread 3,5,main]) started.
:app:configureCMakeDebug[arm64-v8a] (Thread[#761,Execution worker Thread 3,5,main]) started.

> Task :app:configureCMakeDebug[arm64-v8a] FAILED
Caching disabled for task ':app:configureCMakeDebug[arm64-v8a]' because:
  Build cache is disabled
  Caching has been disabled for the task
Task ':app:configureCMakeDebug[arm64-v8a]' is not up-to-date because:
  Task.upToDateWhen is false.
C/C++: /Users/arishp/Documents/Clones/EventsReminder/node_modules/react-native/ReactAndroid/cmake-utils/default-app-setup/CMakeLists.txt debug|arm64-v8a : Start JSON generation. Platform version: 24 min SDK version: arm64-v8a
C/C++: /Users/arishp/Documents/Clones/EventsReminder/node_modules/react-native/ReactAndroid/cmake-utils/default-app-setup/CMakeLists.txt debug|arm64-v8a : rebuilding JSON /Users/arishp/Documents/Clones/EventsReminder/android/app/.cxx/Debug/5j2u372r/arm64-v8a/android_gradle_build.json due to:
C/C++: /Users/arishp/Documents/Clones/EventsReminder/node_modules/react-native/ReactAndroid/cmake-utils/default-app-setup/CMakeLists.txt debug|arm64-v8a : - no fingerprint file, will remove stale configuration folder
C/C++: /Users/arishp/Documents/Clones/EventsReminder/node_modules/react-native/ReactAndroid/cmake-utils/default-app-setup/CMakeLists.txt debug|arm64-v8a : /Library/Java/JavaVirtualMachines/jdk-24.jdk/Contents/Home/bin/java \
  --class-path \
  /Users/arishp/.gradle/caches/modules-2/files-2.1/com.google.prefab/cli/2.1.0/aa32fec809c44fa531f01dcfb739b5b3304d3050/cli-2.1.0-all.jar \
  com.google.prefab.cli.AppKt \
  --build-system \
  cmake \
  --platform \
  android \
  --abi \
  arm64-v8a \
  --os-version \
  24 \
  --stl \
  c++_shared \
  --ndk-version \
  27 \
  --output \
  /var/folders/hb/lwlz5rt92b14tv2rb2vlz0mw0000gn/T/agp-prefab-staging12604382779823683222/staged-cli-output \
  /Users/arishp/.gradle/caches/9.0.0/transforms/1e84847373c8b60ddb3f088099977c2a/transformed/react-android-0.82.1-debug/prefab \
  /Users/arishp/.gradle/caches/9.0.0/transforms/2b2a34f399e6566a4bc7f9555d03a28a/transformed/hermes-android-0.82.1-debug/prefab \
  /Users/arishp/.gradle/caches/9.0.0/transforms/5fa135f9220cf0ae1e3ee40cd371125b/transformed/fbjni-0.7.0/prefab

Starting process 'command '/Users/arishp/Documents/Clones/EventsReminder/android/app/build/intermediates/cxx/Debug/5j2u372r/logs/arm64-v8a/prefab_command''. Working directory: /Users/arishp/Documents/Clones/EventsReminder/android/app Command: /Users/arishp/Documents/Clones/EventsReminder/android/app/build/intermediates/cxx/Debug/5j2u372r/logs/arm64-v8a/prefab_command 
Successfully started process 'command '/Users/arishp/Documents/Clones/EventsReminder/android/app/build/intermediates/cxx/Debug/5j2u372r/logs/arm64-v8a/prefab_command''
C/C++: /Users/arishp/Documents/Clones/EventsReminder/node_modules/react-native/ReactAndroid/cmake-utils/default-app-setup/CMakeLists.txt debug|arm64-v8a : Received process result: 0
C/C++: /Users/arishp/Documents/Clones/EventsReminder/node_modules/react-native/ReactAndroid/cmake-utils/default-app-setup/CMakeLists.txt debug|arm64-v8a : Writing build model to /Users/arishp/Documents/Clones/EventsReminder/android/app/build/intermediates/cxx/Debug/5j2u372r/logs/arm64-v8a/build_model.json
Build be494eed-b2a5-4c48-bd77-14f90321eef5 is closed
Build 5b29a93c-c256-4d31-8252-049e2b97d435 is closed

[Incubating] Problems report is available at: file:///Users/arishp/Documents/Clones/EventsReminder/android/build/reports/problems/problems-report.html

FAILURE: Build failed with an exception.

* What went wrong:
Execution failed for task ':app:configureCMakeDebug[arm64-v8a]'.
> WARNING: A restricted method in java.lang.System has been called

* Try:
> Run with --stacktrace option to get the stack trace.
> Run with --debug option to get more log output.
> Run with --scan to generate a Build Scan (Powered by Develocity).
> Get more help at https://help.gradle.org.

Deprecated Gradle features were used in this build, making it incompatible with Gradle 10.

You can use '--warning-mode all' to show the individual deprecation warnings and determine if they come from your own scripts or plugins.

For more on this, please refer to https://docs.gradle.org/9.0.0/userguide/command_line_interface.html#sec:command_line_warnings in the Gradle documentation.

BUILD FAILED in 1s
16 actionable tasks: 1 executed, 15 up-to-date
Watched directory hierarchies: [/Users/arishp/Documents/Clones/EventsReminder/node_modules/@react-native/gradle-plugin, /Users/arishp/Documents/Clones/EventsReminder/android]
